\BOOKMARK [0][-]{chapter.1}{1 Channel Archiver}{}% 1
\BOOKMARK [1][-]{section.1.1}{1.1 ..}{chapter.1}% 2
\BOOKMARK [1][-]{section.1.2}{1.2 .. ..}{chapter.1}% 3
\BOOKMARK [0][-]{chapter.2}{2 RDB Archiver}{}% 4
\BOOKMARK [1][-]{section.2.1}{2.1 ..}{chapter.2}% 5
\BOOKMARK [1][-]{section.2.2}{2.2 .. ..}{chapter.2}% 6
\BOOKMARK [0][-]{chapter.3}{3 Archiver Appliance}{}% 7
\BOOKMARK [1][-]{section.3.1}{3.1 ..}{chapter.3}% 8
\BOOKMARK [1][-]{section.3.2}{3.2 System ....}{chapter.3}% 9
\BOOKMARK [1][-]{section.3.3}{3.3 .. ..}{chapter.3}% 10
\BOOKMARK [0][-]{chapter.4}{4 Archiver Appliance ..}{}% 11
\BOOKMARK [1][-]{section.4.1}{4.1 Tocat .. . Appliance .. ..}{chapter.4}% 12
\BOOKMARK [1][-]{section.4.2}{4.2 Apache .. ..}{chapter.4}% 13
\BOOKMARK [1][-]{section.4.3}{4.3 MySQL .. . ..}{chapter.4}% 14
\BOOKMARK [1][-]{section.4.4}{4.4 Appliance .. .. . ..}{chapter.4}% 15
\BOOKMARK [0][-]{chapter.5}{5 Appliance single .. file I/O .. ..}{}% 16
\BOOKMARK [1][-]{section.5.1}{5.1 I/O Bandwidth .. \(dd benchmark\)}{chapter.5}% 17
\BOOKMARK [1][-]{section.5.2}{5.2 I/O .. ..}{chapter.5}% 18
\BOOKMARK [1][-]{section.5.3}{5.3 ..}{chapter.5}% 19
\BOOKMARK [0][-]{chapter.6}{6 .. ..}{}% 20
\BOOKMARK [1][-]{section.6.1}{6.1 Multiple Archiver Appliance .. .. . .. ..}{chapter.6}% 21
\BOOKMARK [1][-]{section.6.2}{6.2 .. .. ..}{chapter.6}% 22
\BOOKMARK [0][-]{section*.12}{Bibliography}{}% 23
